2025-02-27 13:27:46,246 - instabot version: 0.117.0 (bot) - INFO - Instabot version: 0.117.0 Started
2025-02-27 13:27:46,246 - instabot version: 0.117.0 (bot) - DEBUG - Bot imported from /home/nill/.local/lib/python3.12/site-packages/instabot/bot/bot.py
2025-02-27 13:27:46,247 - instabot version: 0.117.0 (api_login) - INFO - Not yet logged in starting: PRE-LOGIN FLOW!
2025-02-27 13:27:46,385 - instabot version: 0.117.0 (api) - DEBUG - POST to endpoint: accounts/get_prefill_candidates/ returned response: <Response [429]>
2025-02-27 13:27:46,385 - instabot version: 0.117.0 (api) - DEBUG - Responsecode indicates error; response content: b'{"message":"Please wait a few minutes before you try again.","status":"fail"}'
2025-02-27 13:27:46,385 - instabot version: 0.117.0 (api) - ERROR - Request returns 429 error!
2025-02-27 13:27:46,618 - instabot version: 0.117.0 (api) - DEBUG - POST to endpoint: qe/sync/ returned response: <Response [200]>
2025-02-27 13:27:46,900 - instabot version: 0.117.0 (api) - DEBUG - POST to endpoint: launcher/sync/ returned response: <Response [200]>
2025-02-27 13:27:47,125 - instabot version: 0.117.0 (api) - DEBUG - POST to endpoint: accounts/contact_point_prefill/ returned response: <Response [429]>
2025-02-27 13:27:47,126 - instabot version: 0.117.0 (api) - DEBUG - Responsecode indicates error; response content: b'{"message":"Please wait a few minutes before you try again.","status":"fail"}'
2025-02-27 13:27:47,126 - instabot version: 0.117.0 (api) - ERROR - Request returns 429 error!
2025-02-27 13:27:50,358 - instabot version: 0.117.0 (api) - DEBUG - POST to endpoint: accounts/login/ returned response: <Response [400]>
2025-02-27 13:27:50,358 - instabot version: 0.117.0 (api) - DEBUG - Responsecode indicates error; response content: b'{"message":"You can log in with your linked Facebook account.","status":"fail","error_title":"Forgotten password for birdbot9000","buttons":[{"title":"Use Facebook","action":"login_with_facebook"},{"title":"Try Again","action":"dismiss"}],"is_cp_nonce_flow":false,"login_identifer_type":"username","login_user_input":"birdbot9000","qe_device_id":"623a509c-e8a7-44c3-98e3-75b558581517","login_attempt_count":1,"login_source":"unknown","error_code":1,"invalid_credentials":true,"exception_name":"UserInvalidCredentials","error_type":"bad_password"}'
2025-02-27 13:27:50,358 - instabot version: 0.117.0 (api) - ERROR - Request returns 400 error!
2025-02-27 13:27:50,358 - instabot version: 0.117.0 (api) - INFO - Instagram's error message: You can log in with your linked Facebook account.
2025-02-27 13:27:50,358 - instabot version: 0.117.0 (api) - INFO - Error type: bad_password
2025-02-27 13:27:50,358 - instabot version: 0.117.0 (api) - ERROR - Failed to login go to instagram and change your password
2025-02-27 13:27:50,358 - instabot version: 0.117.0 (api) - INFO - Username or password is incorrect.
2025-02-27 13:31:31,023 - instabot version: 0.117.0 (api_photo) - ERROR - Photo Upload failed with the following response: <Response [403]>
2025-02-27 13:31:31,024 - instabot version: 0.117.0 (bot_photo) - INFO - Photo '/media/bigdata/weather_station/images/birds/20250227_202820.jpg' is not uploaded.
